\BOOKMARK [0][-]{chapter.1}{1\040Introduction}{}% 1
\BOOKMARK [0][-]{chapter.2}{2\040Overview\040Hardware}{}% 2
\BOOKMARK [1][-]{section.2.1}{2.1\040Components}{chapter.2}% 3
\BOOKMARK [2][-]{subsection.2.1.1}{2.1.1\040Built\040into\040Go-Kart}{section.2.1}% 4
\BOOKMARK [2][-]{subsection.2.1.2}{2.1.2\040LinMot}{section.2.1}% 5
\BOOKMARK [2][-]{subsection.2.1.3}{2.1.3\040Power\040steering}{section.2.1}% 6
\BOOKMARK [2][-]{subsection.2.1.4}{2.1.4\040DC-DC\040converter}{section.2.1}% 7
\BOOKMARK [2][-]{subsection.2.1.5}{2.1.5\040Microautobox\040\(MABX\)}{section.2.1}% 8
\BOOKMARK [2][-]{subsection.2.1.6}{2.1.6\040cases/cables/adapters}{section.2.1}% 9
\BOOKMARK [0][-]{chapter.3}{3\040Overview\040Software}{}% 10
\BOOKMARK [0][-]{chapter.4}{4\040Communication}{}% 11
\BOOKMARK [1][-]{section.4.1}{4.1\040CAN\040Basics}{chapter.4}% 12
\BOOKMARK [1][-]{section.4.2}{4.2\040CANOpen}{chapter.4}% 13
\BOOKMARK [1][-]{section.4.3}{4.3\040Matlab\040Model}{chapter.4}% 14
\BOOKMARK [2][-]{subsection.4.3.1}{4.3.1\040Analogue\040Digital\040Converter}{section.4.3}% 15
\BOOKMARK [0][-]{chapter.5}{5\040Implementation}{}% 16
\BOOKMARK [1][-]{section.5.1}{5.1\040Implementation\040Hardware}{chapter.5}% 17
\BOOKMARK [2][-]{subsection.5.1.1}{5.1.1\040CAN\040Bus}{section.5.1}% 18
\BOOKMARK [2][-]{subsection.5.1.2}{5.1.2\040Braking}{section.5.1}% 19
\BOOKMARK [2][-]{subsection.5.1.3}{5.1.3\040Throttle}{section.5.1}% 20
\BOOKMARK [2][-]{subsection.5.1.4}{5.1.4\040Steering}{section.5.1}% 21
\BOOKMARK [1][-]{section.5.2}{5.2\040Implementation\040Communication}{chapter.5}% 22
\BOOKMARK [2][-]{subsection.5.2.1}{5.2.1\040RPDO}{section.5.2}% 23
\BOOKMARK [2][-]{subsection.5.2.2}{5.2.2\040ACD}{section.5.2}% 24
\BOOKMARK [2][-]{subsection.5.2.3}{5.2.3\040LinMot}{section.5.2}% 25
\BOOKMARK [2][-]{subsection.5.2.4}{5.2.4\040Power\040steering}{section.5.2}% 26
\BOOKMARK [0][-]{chapter.6}{6\040Results\040and\040Discussion}{}% 27
\BOOKMARK [1][-]{section.6.1}{6.1\040Testing}{chapter.6}% 28
\BOOKMARK [2][-]{subsection.6.1.1}{6.1.1\040Linear\040motor}{section.6.1}% 29
\BOOKMARK [2][-]{subsection.6.1.2}{6.1.2\040Brake}{section.6.1}% 30
\BOOKMARK [2][-]{subsection.6.1.3}{6.1.3\040Throttle}{section.6.1}% 31
\BOOKMARK [0][-]{chapter.7}{7\040Conclusion}{}% 32
\BOOKMARK [0][-]{chapter.8}{8\040Appendix}{}% 33
\BOOKMARK [0][-]{appendix*.14}{Bibliography}{}% 34
